Flutter crash report.
Please report a bug at https://github.com/flutter/flutter/issues.

## command

flutter debug_adapter

## exception

FileSystemException: FileSystemException: writeFrom failed, path = '' (OS Error: Connection reset by peer, errno = 104)

```
#0      _checkForErrorResponse (dart:io/common.dart:58:9)
#1      _RandomAccessFile.writeFrom.<anonymous closure> (dart:io/file_impl.dart:976:7)
#2      _rootRunUnary (dart:async/zone_root.dart:48:47)
#3      _CustomZone.runUnary (dart:async/zone.dart:733:19)
<asynchronous suspension>
#4      _FileStreamConsumer.addStream.<anonymous closure>.<anonymous closure>.<anonymous closure> (dart:io/file_impl.dart:237:27)
<asynchronous suspension>
```

## flutter doctor

```
[✓] Flutter (Channel stable, 3.41.6, on Debian GNU/Linux 12 (bookworm) 6.1.0-44-amd64, locale en_IN) [46ms]
    • Flutter version 3.41.6 on channel stable at /home/pi/developement/flutter
    • Upstream repository https://github.com/flutter/flutter.git
    • Framework revision db50e20168 (9 days ago), 2026-03-25 16:21:00 -0700
    • Engine revision 425cfb54d0
    • Dart version 3.11.4
    • DevTools version 2.54.2
    • Feature flags: enable-web, enable-linux-desktop, enable-macos-desktop, enable-windows-desktop, enable-android, enable-ios, cli-animations, enable-native-assets, omit-legacy-version-file, enable-lldb-debugging, enable-uiscene-migration

[✓] Android toolchain - develop for Android devices (Android SDK version 36.0.0) [1,202ms]
    • Android SDK at /home/pi/Android/Sdk
    • Emulator version 35.6.11.0 (build_id 13610412) (CL:N/A)
    • Platform android-36, build-tools 36.0.0
    • Java binary at: /usr/lib/jvm/java-17-openjdk-amd64/bin/java
      This JDK is specified in your Flutter configuration.
      To change the current JDK, run: `flutter config --jdk-dir="path/to/jdk"`.
    • Java version OpenJDK Runtime Environment (build 17.0.18+8-Debian-1deb12u1)
    • All Android licenses accepted.

[✓] Chrome - develop for the web [9ms]
    • Chrome at google-chrome

[✓] Linux toolchain - develop for Linux desktop [274ms]
    • Debian clang version 14.0.6
    • cmake version 3.25.1
    • ninja version 1.11.1
    • pkg-config version 1.8.1
    • GL_EXT_framebuffer_blit: no
    • GL_EXT_texture_format_BGRA8888: no

[✓] Connected device (2 available) [161ms]
    • Linux (desktop) • linux  • linux-x64      • Debian GNU/Linux 12 (bookworm) 6.1.0-44-amd64
    • Chrome (web)    • chrome • web-javascript • Google Chrome 146.0.7680.177

[✓] Network resources [1,737ms]
    • All expected network resources are available.

• No issues found!
```
